<?xml version="1.0" encoding="UTF-8"?>
<testsuite name="challenge35.AppTest" tests="1" skipped="0" failures="0" errors="0" timestamp="2021-11-15T15:26:22" hostname="MOHA88" time="0.025">
  <properties/>
  <testcase name="testHappyPath()" classname="challenge35.AppTest" time="0.025"/>
  <system-out><![CDATA[]]></system-out>
  <system-err><![CDATA[]]></system-err>
</testsuite>
