<?xml version="1.0" encoding="UTF-8"?>
<testsuite name="challenge35.AppTest" tests="1" skipped="0" failures="0" errors="0" timestamp="2021-11-16T23:45:34" hostname="MOHA88" time="0.022">
  <properties/>
  <testcase name="depthFirstTest2()" classname="challenge35.AppTest" time="0.022"/>
  <system-out><![CDATA[]]></system-out>
  <system-err><![CDATA[]]></system-err>
</testsuite>
